{"C:\\Users\\vivia\\Documents\\bhatia\\futureproof_unit_testing\\numberFunctions.js": {"path":"C:\\Users\\vivia\\Documents\\bhatia\\futureproof_unit_testing\\numberFunctions.js","statementMap":{"0":{"start":{"line":2,"column":19},"end":{"line":8,"column":1}},"1":{"start":{"line":3,"column":2},"end":{"line":7,"column":3}},"2":{"start":{"line":4,"column":4},"end":{"line":4,"column":29}},"3":{"start":{"line":6,"column":4},"end":{"line":6,"column":48}},"4":{"start":{"line":10,"column":20},"end":{"line":16,"column":1}},"5":{"start":{"line":11,"column":2},"end":{"line":15,"column":3}},"6":{"start":{"line":12,"column":4},"end":{"line":12,"column":29}},"7":{"start":{"line":14,"column":4},"end":{"line":14,"column":48}},"8":{"start":{"line":19,"column":0},"end":{"line":27,"column":2}}},"fnMap":{"0":{"name":"(anonymous_0)","decl":{"start":{"line":2,"column":19},"end":{"line":2,"column":20}},"loc":{"start":{"line":2,"column":32},"end":{"line":8,"column":1}},"line":2},"1":{"name":"(anonymous_1)","decl":{"start":{"line":10,"column":20},"end":{"line":10,"column":21}},"loc":{"start":{"line":10,"column":33},"end":{"line":16,"column":1}},"line":10}},"branchMap":{"0":{"loc":{"start":{"line":3,"column":2},"end":{"line":7,"column":3}},"type":"if","locations":[{"start":{"line":3,"column":2},"end":{"line":7,"column":3}},{"start":{"line":5,"column":9},"end":{"line":7,"column":3}}],"line":3},"1":{"loc":{"start":{"line":3,"column":6},"end":{"line":3,"column":17}},"type":"binary-expr","locations":[{"start":{"line":3,"column":6},"end":{"line":3,"column":7}},{"start":{"line":3,"column":11},"end":{"line":3,"column":12}},{"start":{"line":3,"column":16},"end":{"line":3,"column":17}}],"line":3},"2":{"loc":{"start":{"line":11,"column":2},"end":{"line":15,"column":3}},"type":"if","locations":[{"start":{"line":11,"column":2},"end":{"line":15,"column":3}},{"start":{"line":13,"column":9},"end":{"line":15,"column":3}}],"line":11},"3":{"loc":{"start":{"line":11,"column":6},"end":{"line":11,"column":17}},"type":"binary-expr","locations":[{"start":{"line":11,"column":6},"end":{"line":11,"column":7}},{"start":{"line":11,"column":11},"end":{"line":11,"column":12}},{"start":{"line":11,"column":16},"end":{"line":11,"column":17}}],"line":11}},"s":{"0":1,"1":4,"2":3,"3":1,"4":1,"5":4,"6":3,"7":1,"8":1},"f":{"0":4,"1":4},"b":{"0":[3,1],"1":[4,4,4],"2":[3,1],"3":[4,4,4]},"_coverageSchema":"1a1c01bbd47fc00a2c39e90264f33305004495a9","hash":"a4afe26681f8cede674ef06f243aa55045492e68"}
}
